<?xml version="1.0" encoding="UTF-8"?>
<!-- Generated by org.testng.reporters.JUnitXMLReporter -->
<testsuite ignored="0" hostname="Biswa" failures="0" tests="3" name="Default test" time="129.99" errors="0" timestamp="2022-09-28T12:11:58 IST">
  <testcase classname="automation.testScript.ReportTest" name="title" time="34.762"/>
  <testcase classname="automation.testScript.AlertHandlingTest" name="handleAlert" time="20.185"/>
  <testcase classname="automation.testScript.CreateCustomerTest" name="createCust" time="20.734"/>
</testsuite> <!-- Default test -->
