<?xml version="1.0" encoding="UTF-8"?>
<testng-results ignored="0" total="3" passed="3" failed="0" skipped="0">
  <reporter-output>
  </reporter-output>
  <suite started-at="2022-09-28T12:09:48 IST" name="Default suite" finished-at="2022-09-28T12:11:58 IST" duration-ms="129990">
    <groups>
      <group name="system">
        <method signature="AlertHandlingTest.handleAlert()[pri:0, instance:automation.testScript.AlertHandlingTest@4f6ee6e4]" name="handleAlert" class="automation.testScript.AlertHandlingTest"/>
      </group> <!-- system -->
      <group name="smoke">
        <method signature="AlertHandlingTest.handleAlert()[pri:0, instance:automation.testScript.AlertHandlingTest@4f6ee6e4]" name="handleAlert" class="automation.testScript.AlertHandlingTest"/>
        <method signature="ReportTest.title()[pri:0, instance:automation.testScript.ReportTest@44ebcd03]" name="title" class="automation.testScript.ReportTest"/>
      </group> <!-- smoke -->
    </groups>
    <test started-at="2022-09-28T12:09:48 IST" name="Default test" finished-at="2022-09-28T12:11:58 IST" duration-ms="129990">
      <class name="automation.testScript.ReportTest">
        <test-method is-config="true" signature="launchBrowser()[pri:0, instance:automation.testScript.ReportTest@44ebcd03]" started-at="2022-09-28T12:09:48 IST" name="launchBrowser" finished-at="2022-09-28T12:09:52 IST" duration-ms="4399" status="PASS">
          <reporter-output>
          </reporter-output>
        </test-method> <!-- launchBrowser -->
        <test-method is-config="true" signature="loginApp()[pri:0, instance:automation.testScript.ReportTest@44ebcd03]" started-at="2022-09-28T12:09:52 IST" name="loginApp" finished-at="2022-09-28T12:10:02 IST" duration-ms="9979" status="PASS">
          <reporter-output>
          </reporter-output>
        </test-method> <!-- loginApp -->
        <test-method signature="title()[pri:0, instance:automation.testScript.ReportTest@44ebcd03]" started-at="2022-09-28T12:10:02 IST" name="title" finished-at="2022-09-28T12:10:37 IST" duration-ms="34762" status="PASS">
          <reporter-output>
          </reporter-output>
        </test-method> <!-- title -->
        <test-method is-config="true" signature="logoutApp()[pri:0, instance:automation.testScript.ReportTest@44ebcd03]" started-at="2022-09-28T12:10:37 IST" name="logoutApp" finished-at="2022-09-28T12:10:41 IST" duration-ms="4027" status="PASS">
          <reporter-output>
          </reporter-output>
        </test-method> <!-- logoutApp -->
        <test-method is-config="true" signature="close()[pri:0, instance:automation.testScript.ReportTest@44ebcd03]" started-at="2022-09-28T12:10:41 IST" name="close" finished-at="2022-09-28T12:10:41 IST" duration-ms="214" status="PASS">
          <reporter-output>
          </reporter-output>
        </test-method> <!-- close -->
      </class> <!-- automation.testScript.ReportTest -->
      <class name="automation.testScript.AlertHandlingTest">
        <test-method is-config="true" signature="launchBrowser()[pri:0, instance:automation.testScript.AlertHandlingTest@4f6ee6e4]" started-at="2022-09-28T12:10:41 IST" name="launchBrowser" finished-at="2022-09-28T12:10:44 IST" duration-ms="3030" status="PASS">
          <reporter-output>
          </reporter-output>
        </test-method> <!-- launchBrowser -->
        <test-method is-config="true" signature="loginApp()[pri:0, instance:automation.testScript.AlertHandlingTest@4f6ee6e4]" started-at="2022-09-28T12:10:44 IST" name="loginApp" finished-at="2022-09-28T12:10:56 IST" duration-ms="11720" status="PASS">
          <reporter-output>
          </reporter-output>
        </test-method> <!-- loginApp -->
        <test-method signature="handleAlert()[pri:0, instance:automation.testScript.AlertHandlingTest@4f6ee6e4]" started-at="2022-09-28T12:10:56 IST" name="handleAlert" finished-at="2022-09-28T12:11:16 IST" duration-ms="20185" status="PASS">
          <reporter-output>
          </reporter-output>
        </test-method> <!-- handleAlert -->
        <test-method is-config="true" signature="logoutApp()[pri:0, instance:automation.testScript.AlertHandlingTest@4f6ee6e4]" started-at="2022-09-28T12:11:16 IST" name="logoutApp" finished-at="2022-09-28T12:11:16 IST" duration-ms="323" status="PASS">
          <reporter-output>
          </reporter-output>
        </test-method> <!-- logoutApp -->
        <test-method is-config="true" signature="close()[pri:0, instance:automation.testScript.AlertHandlingTest@4f6ee6e4]" started-at="2022-09-28T12:11:16 IST" name="close" finished-at="2022-09-28T12:11:17 IST" duration-ms="210" status="PASS">
          <reporter-output>
          </reporter-output>
        </test-method> <!-- close -->
      </class> <!-- automation.testScript.AlertHandlingTest -->
      <class name="automation.testScript.CreateCustomerTest">
        <test-method is-config="true" signature="launchBrowser()[pri:0, instance:automation.testScript.CreateCustomerTest@a514af7]" started-at="2022-09-28T12:11:17 IST" name="launchBrowser" finished-at="2022-09-28T12:11:19 IST" duration-ms="2618" status="PASS">
          <reporter-output>
          </reporter-output>
        </test-method> <!-- launchBrowser -->
        <test-method is-config="true" signature="loginApp()[pri:0, instance:automation.testScript.CreateCustomerTest@a514af7]" started-at="2022-09-28T12:11:19 IST" name="loginApp" finished-at="2022-09-28T12:11:34 IST" duration-ms="14506" status="PASS">
          <reporter-output>
          </reporter-output>
        </test-method> <!-- loginApp -->
        <test-method signature="createCust()[pri:0, instance:automation.testScript.CreateCustomerTest@a514af7]" started-at="2022-09-28T12:11:34 IST" name="createCust" finished-at="2022-09-28T12:11:55 IST" duration-ms="20734" status="PASS">
          <reporter-output>
          </reporter-output>
        </test-method> <!-- createCust -->
        <test-method is-config="true" signature="logoutApp()[pri:0, instance:automation.testScript.CreateCustomerTest@a514af7]" started-at="2022-09-28T12:11:55 IST" name="logoutApp" finished-at="2022-09-28T12:11:58 IST" duration-ms="3041" status="PASS">
          <reporter-output>
          </reporter-output>
        </test-method> <!-- logoutApp -->
        <test-method is-config="true" signature="close()[pri:0, instance:automation.testScript.CreateCustomerTest@a514af7]" started-at="2022-09-28T12:11:58 IST" name="close" finished-at="2022-09-28T12:11:58 IST" duration-ms="135" status="PASS">
          <reporter-output>
          </reporter-output>
        </test-method> <!-- close -->
      </class> <!-- automation.testScript.CreateCustomerTest -->
    </test> <!-- Default test -->
  </suite> <!-- Default suite -->
</testng-results>
